<?xml version="1.0" encoding="UTF-8"?>
<!-- Generated by org.testng.reporters.JUnitReportReporter -->
<testsuite hostname="YOGESH" failures="0" tests="2" name="TestRunner.TestRunner" time="7.636" errors="0" timestamp="2025-10-07T00:58:42 IST" skipped="0">
  <testcase classname="TestRunner.TestRunner" name="runScenario" time="4.672"/>
  <testcase classname="TestRunner.TestRunner" name="runScenario" time="2.964"/>
</testsuite> <!-- TestRunner.TestRunner -->
