<?xml version="1.0" encoding="UTF-8"?>
<!-- Generated by org.testng.reporters.JUnitReportReporter -->
<testsuite hostname="YOGESH" failures="0" tests="1" name="TestRunner.TestRunner" time="8.890" errors="0" timestamp="2025-09-25T01:50:38 IST" skipped="0">
  <testcase classname="TestRunner.TestRunner" name="runScenario" time="8.890"/>
</testsuite> <!-- TestRunner.TestRunner -->
